
Showing logs for build [32mcb-kubecd-bdd-spring-1587767998-mqkww-1[0m stage [32mfrom-build-pack[0m and container [32mstep-credential-initializer-2bsws[0m
{"level":"info","ts":1587768099.9146597,"logger":"fallback-logger","caller":"logging/config.go:69","msg":"Fetch GitHub commit ID from kodata failed: open /var/run/ko/refs/heads/0.8.0-ns-support: no such file or directory"}
{"level":"info","ts":1587768099.9149458,"logger":"fallback-logger","caller":"creds-init/main.go:40","msg":"Credentials initialized."}

Showing logs for build [32mcb-kubecd-bdd-spring-1587767998-mqkww-1[0m stage [32mfrom-build-pack[0m and container [32mstep-working-dir-initializer-zjxg6[0m
{"level":"info","ts":1587768100.2876375,"logger":"fallback-logger","caller":"logging/config.go:69","msg":"Fetch GitHub commit ID from kodata failed: open /var/run/ko/HEAD: no such file or directory"}
{"level":"info","ts":1587768100.2952576,"logger":"fallback-logger","caller":"bash/main.go:64","msg":"Successfully executed command \"sh -c mkdir -p /workspace/source\"; output "}

Showing logs for build [32mcb-kubecd-bdd-spring-1587767998-mqkww-1[0m stage [32mfrom-build-pack[0m and container [32mstep-place-tools[0m

Showing logs for build [32mcb-kubecd-bdd-spring-1587767998-mqkww-1[0m stage [32mfrom-build-pack[0m and container [32mstep-git-source-cb-kubecd-bdd-spring-1587767998-mqkww-6wnj5[0m
{"level":"info","ts":1587768108.3404055,"logger":"fallback-logger","caller":"logging/config.go:69","msg":"Fetch GitHub commit ID from kodata failed: open /var/run/ko/refs/heads/0.8.0-ns-support: no such file or directory"}
{"level":"info","ts":1587768108.5543494,"logger":"fallback-logger","caller":"git/git.go:103","msg":"Successfully cloned https://github.com/cb-kubecd/bdd-spring-1587767998.git @ v0.0.1 in path /workspace/source"}

Showing logs for build [32mcb-kubecd-bdd-spring-1587767998-mqkww-1[0m stage [32mfrom-build-pack[0m and container [32mstep-git-merge[0m
Using SHAs from PULL_REFS=master:47a3e029ddeed8f10e6d55a9de095247f4773cba
WARNING: no SHAs to merge, falling back to initial cloned commit

Showing logs for build [32mcb-kubecd-bdd-spring-1587767998-mqkww-1[0m stage [32mfrom-build-pack[0m and container [32mstep-setup-jx-git-credentials[0m
Generated Git credentials file /workspace/xdg_config/git/credentials

Showing logs for build [32mcb-kubecd-bdd-spring-1587767998-mqkww-1[0m stage [32mfrom-build-pack[0m and container [32mstep-build-mvn-deploy[0m
Picked up _JAVA_OPTIONS: -XX:+UnlockExperimentalVMOptions -XX:+UseCGroupMemoryLimitForHeap -Dsun.zip.disableMemoryMapping=true -XX:+UseParallelGC -XX:MinHeapFreeRatio=5 -XX:MaxHeapFreeRatio=10 -XX:GCTimeRatio=4 -XX:AdaptiveSizePolicyWeight=90 -Xms10m -Xmx192m
OpenJDK 64-Bit Server VM warning: If the number of processors is expected to increase from one, then you should configure the number of parallel GC threads appropriately using -XX:ParallelGCThreads=N
[INFO] Scanning for projects...
[INFO] 
[INFO] -----------------< com.example:bdd-spring-1587767998 >------------------
[INFO] Building demo 0.0.1
[INFO] --------------------------------[ jar ]---------------------------------
[INFO] 
[INFO] --- maven-clean-plugin:3.1.0:clean (default-clean) @ bdd-spring-1587767998 ---
[INFO] 
[INFO] --- maven-resources-plugin:3.1.0:resources (default-resources) @ bdd-spring-1587767998 ---
[INFO] Using 'UTF-8' encoding to copy filtered resources.
[INFO] Copying 1 resource
[INFO] Copying 0 resource
[INFO] 
[INFO] --- maven-compiler-plugin:3.8.1:compile (default-compile) @ bdd-spring-1587767998 ---
[INFO] Changes detected - recompiling the module!
[INFO] Compiling 1 source file to /workspace/source/target/classes
[INFO] 
[INFO] --- maven-resources-plugin:3.1.0:testResources (default-testResources) @ bdd-spring-1587767998 ---
[INFO] Using 'UTF-8' encoding to copy filtered resources.
[INFO] skip non existing resourceDirectory /workspace/source/src/test/resources
[INFO] 
[INFO] --- maven-compiler-plugin:3.8.1:testCompile (default-testCompile) @ bdd-spring-1587767998 ---
[INFO] Changes detected - recompiling the module!
[INFO] Compiling 1 source file to /workspace/source/target/test-classes
[INFO] 
[INFO] --- maven-surefire-plugin:3.0.0-M1:test (default-test) @ bdd-spring-1587767998 ---
[INFO] 
[INFO] -------------------------------------------------------
[INFO]  T E S T S
[INFO] -------------------------------------------------------
[INFO] Running com.example.bddspring1587767998.DemoApplicationTests
22:42:14.023 [main] DEBUG org.springframework.test.context.BootstrapUtils - Instantiating CacheAwareContextLoaderDelegate from class [org.springframework.test.context.cache.DefaultCacheAwareContextLoaderDelegate]
22:42:14.104 [main] DEBUG org.springframework.test.context.BootstrapUtils - Instantiating BootstrapContext using constructor [public org.springframework.test.context.support.DefaultBootstrapContext(java.lang.Class,org.springframework.test.context.CacheAwareContextLoaderDelegate)]
22:42:14.227 [main] DEBUG org.springframework.test.context.BootstrapUtils - Instantiating TestContextBootstrapper for test class [com.example.bddspring1587767998.DemoApplicationTests] from class [org.springframework.boot.test.context.SpringBootTestContextBootstrapper]
22:42:14.244 [main] INFO org.springframework.boot.test.context.SpringBootTestContextBootstrapper - Neither @ContextConfiguration nor @ContextHierarchy found for test class [com.example.bddspring1587767998.DemoApplicationTests], using SpringBootContextLoader
22:42:14.248 [main] DEBUG org.springframework.test.context.support.AbstractContextLoader - Did not detect default resource location for test class [com.example.bddspring1587767998.DemoApplicationTests]: class path resource [com/example/bddspring1587767998/DemoApplicationTests-context.xml] does not exist
22:42:14.249 [main] DEBUG org.springframework.test.context.support.AbstractContextLoader - Did not detect default resource location for test class [com.example.bddspring1587767998.DemoApplicationTests]: class path resource [com/example/bddspring1587767998/DemoApplicationTestsContext.groovy] does not exist
22:42:14.249 [main] INFO org.springframework.test.context.support.AbstractContextLoader - Could not detect default resource locations for test class [com.example.bddspring1587767998.DemoApplicationTests]: no resource found for suffixes {-context.xml, Context.groovy}.
22:42:14.250 [main] INFO org.springframework.test.context.support.AnnotationConfigContextLoaderUtils - Could not detect default configuration classes for test class [com.example.bddspring1587767998.DemoApplicationTests]: DemoApplicationTests does not declare any static, non-private, non-final, nested classes annotated with @Configuration.
22:42:14.334 [main] DEBUG org.springframework.test.context.support.ActiveProfilesUtils - Could not find an 'annotation declaring class' for annotation type [org.springframework.test.context.ActiveProfiles] and class [com.example.bddspring1587767998.DemoApplicationTests]
22:42:14.505 [main] DEBUG org.springframework.context.annotation.ClassPathScanningCandidateComponentProvider - Identified candidate component class: file [/workspace/source/target/classes/com/example/bddspring1587767998/DemoApplication.class]
22:42:14.506 [main] INFO org.springframework.boot.test.context.SpringBootTestContextBootstrapper - Found @SpringBootConfiguration com.example.bddspring1587767998.DemoApplication for test class com.example.bddspring1587767998.DemoApplicationTests
22:42:14.648 [main] DEBUG org.springframework.boot.test.context.SpringBootTestContextBootstrapper - @TestExecutionListeners is not present for class [com.example.bddspring1587767998.DemoApplicationTests]: using defaults.
22:42:14.649 [main] INFO org.springframework.boot.test.context.SpringBootTestContextBootstrapper - Loaded default TestExecutionListener class names from location [META-INF/spring.factories]: [org.springframework.boot.test.mock.mockito.MockitoTestExecutionListener, org.springframework.boot.test.mock.mockito.ResetMocksTestExecutionListener, org.springframework.boot.test.autoconfigure.restdocs.RestDocsTestExecutionListener, org.springframework.boot.test.autoconfigure.web.client.MockRestServiceServerResetTestExecutionListener, org.springframework.boot.test.autoconfigure.web.servlet.MockMvcPrintOnlyOnFailureTestExecutionListener, org.springframework.boot.test.autoconfigure.web.servlet.WebDriverTestExecutionListener, org.springframework.test.context.web.ServletTestExecutionListener, org.springframework.test.context.support.DirtiesContextBeforeModesTestExecutionListener, org.springframework.test.context.support.DependencyInjectionTestExecutionListener, org.springframework.test.context.support.DirtiesContextTestExecutionListener, org.springframework.test.context.transaction.TransactionalTestExecutionListener, org.springframework.test.context.jdbc.SqlScriptsTestExecutionListener, org.springframework.test.context.event.EventPublishingTestExecutionListener]
22:42:14.702 [main] DEBUG org.springframework.boot.test.context.SpringBootTestContextBootstrapper - Skipping candidate TestExecutionListener [org.springframework.test.context.transaction.TransactionalTestExecutionListener] due to a missing dependency. Specify custom listener classes or make the default listener classes and their required dependencies available. Offending class: [org/springframework/transaction/TransactionDefinition]
22:42:14.703 [main] DEBUG org.springframework.boot.test.context.SpringBootTestContextBootstrapper - Skipping candidate TestExecutionListener [org.springframework.test.context.jdbc.SqlScriptsTestExecutionListener] due to a missing dependency. Specify custom listener classes or make the default listener classes and their required dependencies available. Offending class: [org/springframework/transaction/interceptor/TransactionAttribute]
22:42:14.703 [main] INFO org.springframework.boot.test.context.SpringBootTestContextBootstrapper - Using TestExecutionListeners: [org.springframework.test.context.web.ServletTestExecutionListener@28f2a10f, org.springframework.test.context.support.DirtiesContextBeforeModesTestExecutionListener@f736069, org.springframework.boot.test.mock.mockito.MockitoTestExecutionListener@6da21078, org.springframework.boot.test.autoconfigure.SpringBootDependencyInjectionTestExecutionListener@7fee8714, org.springframework.test.context.support.DirtiesContextTestExecutionListener@4229bb3f, org.springframework.test.context.event.EventPublishingTestExecutionListener@56cdfb3b, org.springframework.boot.test.mock.mockito.ResetMocksTestExecutionListener@2b91004a, org.springframework.boot.test.autoconfigure.restdocs.RestDocsTestExecutionListener@20ccf40b, org.springframework.boot.test.autoconfigure.web.client.MockRestServiceServerResetTestExecutionListener@2fb3536e, org.springframework.boot.test.autoconfigure.web.servlet.MockMvcPrintOnlyOnFailureTestExecutionListener@169e6180, org.springframework.boot.test.autoconfigure.web.servlet.WebDriverTestExecutionListener@35aea049]
22:42:14.708 [main] DEBUG org.springframework.test.context.support.AbstractDirtiesContextTestExecutionListener - Before test class: context [DefaultTestContext@66d3eec0 testClass = DemoApplicationTests, testInstance = [null], testMethod = [null], testException = [null], mergedContextConfiguration = [WebMergedContextConfiguration@1e04fa0a testClass = DemoApplicationTests, locations = '{}', classes = '{class com.example.bddspring1587767998.DemoApplication}', contextInitializerClasses = '[]', activeProfiles = '{}', propertySourceLocations = '{}', propertySourceProperties = '{org.springframework.boot.test.context.SpringBootTestContextBootstrapper=true}', contextCustomizers = set[org.springframework.boot.test.context.filter.ExcludeFilterContextCustomizer@647fd8ce, org.springframework.boot.test.json.DuplicateJsonObjectContextCustomizerFactory$DuplicateJsonObjectContextCustomizer@5dd6264, org.springframework.boot.test.mock.mockito.MockitoContextCustomizer@0, org.springframework.boot.test.web.client.TestRestTemplateContextCustomizer@3967e60c, org.springframework.boot.test.autoconfigure.properties.PropertyMappingContextCustomizer@0, org.springframework.boot.test.autoconfigure.web.servlet.WebDriverContextCustomizerFactory$Customizer@10e92f8f], resourceBasePath = 'src/main/webapp', contextLoader = 'org.springframework.boot.test.context.SpringBootContextLoader', parent = [null]], attributes = map['org.springframework.test.context.web.ServletTestExecutionListener.activateListener' -> true]], class annotated with @DirtiesContext [false] with mode [null].
22:42:14.748 [main] DEBUG org.springframework.test.context.support.TestPropertySourceUtils - Adding inlined properties to environment: {spring.jmx.enabled=false, org.springframework.boot.test.context.SpringBootTestContextBootstrapper=true, server.port=-1}

  .   ____          _            __ _ _
 /\\ / ___'_ __ _ _(_)_ __  __ _ \ \ \ \
( ( )\___ | '_ | '_| | '_ \/ _` | \ \ \ \
 \\/  ___)| |_)| | | | | || (_| |  ) ) ) )
  '  |____| .__|_| |_|_| |_\__, | / / / /
 =========|_|==============|___/=/_/_/_/
 :: Spring Boot ::        (v2.2.6.RELEASE)

2020-04-24 22:42:15.311  INFO 70 --- [           main] c.e.b.DemoApplicationTests               : Starting DemoApplicationTests on cb-kubecd-bdd-spring-1587767998-mqkww-1-from-build-pack-4ldt5-p with PID 70 (started by root in /workspace/source)
2020-04-24 22:42:15.312  INFO 70 --- [           main] c.e.b.DemoApplicationTests               : No active profile set, falling back to default profiles: default
2020-04-24 22:42:20.908  INFO 70 --- [           main] o.s.s.concurrent.ThreadPoolTaskExecutor  : Initializing ExecutorService 'applicationTaskExecutor'
2020-04-24 22:42:22.040  INFO 70 --- [           main] o.s.b.a.e.web.EndpointLinksResolver      : Exposing 2 endpoint(s) beneath base path '/actuator'
2020-04-24 22:42:22.219  INFO 70 --- [           main] c.e.b.DemoApplicationTests               : Started DemoApplicationTests in 7.403 seconds (JVM running for 10.211)
[INFO] Tests run: 1, Failures: 0, Errors: 0, Skipped: 0, Time elapsed: 8.811 s - in com.example.bddspring1587767998.DemoApplicationTests
2020-04-24 22:42:22.720  INFO 70 --- [extShutdownHook] o.s.s.concurrent.ThreadPoolTaskExecutor  : Shutting down ExecutorService 'applicationTaskExecutor'
[INFO] 
[INFO] Results:
[INFO] 
[INFO] Tests run: 1, Failures: 0, Errors: 0, Skipped: 0
[INFO] 
[INFO] 
[INFO] --- maven-jar-plugin:3.1.2:jar (default-jar) @ bdd-spring-1587767998 ---
[INFO] Building jar: /workspace/source/target/bdd-spring-1587767998-0.0.1.jar
[INFO] 
[INFO] --- spring-boot-maven-plugin:2.2.6.RELEASE:repackage (repackage) @ bdd-spring-1587767998 ---
[INFO] Replacing main artifact with repackaged archive
[INFO] 
[INFO] --- maven-install-plugin:2.5.2:install (default-install) @ bdd-spring-1587767998 ---
[INFO] Installing /workspace/source/target/bdd-spring-1587767998-0.0.1.jar to /home/jenkins/.mvnrepository/com/example/bdd-spring-1587767998/0.0.1/bdd-spring-1587767998-0.0.1.jar
[INFO] Installing /workspace/source/pom.xml to /home/jenkins/.mvnrepository/com/example/bdd-spring-1587767998/0.0.1/bdd-spring-1587767998-0.0.1.pom
[INFO] 
[INFO] --- maven-deploy-plugin:2.8.2:deploy (default-deploy) @ bdd-spring-1587767998 ---
[INFO] Using alternate deployment repository local-nexus::default::http://nexus/repository/maven-releases/
[INFO] ------------------------------------------------------------------------
[INFO] BUILD SUCCESS
[INFO] ------------------------------------------------------------------------
[INFO] Total time:  32.145 s
[INFO] Finished at: 2020-04-24T22:42:28Z
[INFO] ------------------------------------------------------------------------

Showing logs for build [32mcb-kubecd-bdd-spring-1587767998-mqkww-1[0m stage [32mfrom-build-pack[0m and container [32mstep-build-skaffold-version[0m
v1.0.1

Showing logs for build [32mcb-kubecd-bdd-spring-1587767998-mqkww-1[0m stage [32mfrom-build-pack[0m and container [32mstep-build-container-build[0m
error checking push permissions -- make sure you entered the correct tag name, and that you are authenticated correctly, and try again: checking push permission for "296178596335.dkr.ecr.us-east-1.amazonaws.com/cb-kubecd/bdd-spring-1587767998:0.0.1": unsupported status code 401; body: Not Authorized

[31m
Pipeline failed on stage 'from-build-pack' : container 'step-build-container-build'. The execution of the pipeline has stopped.[0m
